<?xml version="1.0" encoding="UTF-8"?>
<testng-results skipped="0" failed="0" ignored="0" total="1" passed="1">
  <reporter-output>
  </reporter-output>
  <suite name="Default suite" duration-ms="2824" started-at="2019-10-17T13:46:48Z" finished-at="2019-10-17T13:46:51Z">
    <groups>
    </groups>
    <test name="Default test" duration-ms="2824" started-at="2019-10-17T13:46:48Z" finished-at="2019-10-17T13:46:51Z">
      <class name="testcases.stores.UpdateStore">
        <test-method status="PASS" signature="postAndUpdateStore()[pri:0, instance:testcases.stores.UpdateStore@7cd62f43]" name="postAndUpdateStore" duration-ms="2796" started-at="2019-10-17T13:46:48Z" finished-at="2019-10-17T13:46:51Z">
          <reporter-output>
          </reporter-output>
        </test-method> <!-- postAndUpdateStore -->
      </class> <!-- testcases.stores.UpdateStore -->
    </test> <!-- Default test -->
  </suite> <!-- Default suite -->
</testng-results>
